📈 Pulling Unity (U) Historical Prices from Databento
============================================================
Date range: 2023-05-19 to 2025-06-07

Trying dataset: XNAS.ITCH
✅ Found 513 days of price data
✅ Stored 513 days of Unity price data

📊 Pulling Unity (U) Options Data from Databento
============================================================
Current Unity price: $25.20

Target expirations: ['2025-07-04', '2025-07-11', '2025-07-18', '2025-07-25', '2025-08-01']

Fetching options for 2025-07-04...
  ❌ Error: 422 symbology_invalid_request
Could not resolve smart symbols: U.OPT
documentation: https://databent

Fetching options for 2025-07-11...
  ❌ Error: 422 symbology_invalid_request
Could not resolve smart symbols: U.OPT
documentation: https://databent

Fetching options for 2025-07-18...
  ❌ Error: 422 symbology_invalid_request
Could not resolve smart symbols: U.OPT
documentation: https://databent

Fetching options for 2025-07-25...
  ❌ Error: 422 symbology_invalid_request
Could not resolve smart symbols: U.OPT
documentation: https://databent

Fetching options for 2025-08-01...
  ❌ Error: 422 symbology_invalid_request
Could not resolve smart symbols: U.OPT
documentation: https://databent

⚠️  No options data retrieved

✅ Data pull complete!

Next steps:
1. Run: python monitor_data_quality.py
2. Run: python run_aligned.py --portfolio 100000
